mode: set
zabbix.com/plugins/smart/controller.go:48.75,49.16 1 0
zabbix.com/plugins/smart/controller.go:49.16,51.3 1 0
zabbix.com/plugins/smart/controller.go:53.2,57.3 1 0
zabbix.com/plugins/smart/controller.go:65.60,67.16 2 0
zabbix.com/plugins/smart/controller.go:67.16,69.3 1 0
zabbix.com/plugins/smart/controller.go:71.2,74.31 3 0
zabbix.com/plugins/smart/controller.go:74.31,77.3 2 0
zabbix.com/plugins/smart/controller.go:79.2,88.67 4 0
zabbix.com/plugins/smart/smart.go:65.79,66.60 1 0
zabbix.com/plugins/smart/smart.go:66.60,68.3 1 0
zabbix.com/plugins/smart/smart.go:70.2,70.28 1 0
zabbix.com/plugins/smart/smart.go:70.28,72.3 1 0
zabbix.com/plugins/smart/smart.go:74.2,74.66 1 0
zabbix.com/plugins/smart/smart.go:78.54,81.2 2 0
zabbix.com/plugins/smart/smart.go:84.114,85.39 1 0
zabbix.com/plugins/smart/smart.go:85.39,87.3 1 0
zabbix.com/plugins/smart/smart.go:89.2,89.40 1 0
zabbix.com/plugins/smart/smart.go:89.40,91.3 1 0
zabbix.com/plugins/smart/smart.go:93.2,95.13 2 0
zabbix.com/plugins/smart/smart.go:96.21,98.17 2 0
zabbix.com/plugins/smart/smart.go:98.17,100.4 1 0
zabbix.com/plugins/smart/smart.go:102.15,104.17 2 0
zabbix.com/plugins/smart/smart.go:104.17,106.4 1 0
zabbix.com/plugins/smart/smart.go:108.26,110.17 2 0
zabbix.com/plugins/smart/smart.go:110.17,112.4 1 0
zabbix.com/plugins/smart/smart.go:114.10,115.44 1 0
zabbix.com/plugins/smart/smart.go:118.2,118.31 1 0
zabbix.com/plugins/smart/smart.go:121.64,125.16 3 0
zabbix.com/plugins/smart/smart.go:125.16,127.3 1 0
zabbix.com/plugins/smart/smart.go:129.2,129.32 1 0
zabbix.com/plugins/smart/smart.go:129.32,139.3 1 0
zabbix.com/plugins/smart/smart.go:141.2,142.16 2 0
zabbix.com/plugins/smart/smart.go:142.16,144.3 1 0
zabbix.com/plugins/smart/smart.go:146.2,146.8 1 0
zabbix.com/plugins/smart/smart.go:149.59,150.27 1 0
zabbix.com/plugins/smart/smart.go:150.27,152.17 2 0
zabbix.com/plugins/smart/smart.go:152.17,154.4 1 0
zabbix.com/plugins/smart/smart.go:157.2,157.21 1 0
zabbix.com/plugins/smart/smart.go:158.21,159.74 1 0
zabbix.com/plugins/smart/smart.go:160.20,161.53 1 0
zabbix.com/plugins/smart/smart.go:162.11,163.24 1 0
zabbix.com/plugins/smart/smart.go:164.10,165.44 1 0
zabbix.com/plugins/smart/smart.go:169.71,172.20 2 0
zabbix.com/plugins/smart/smart.go:172.20,174.3 1 0
zabbix.com/plugins/smart/smart.go:176.2,177.16 2 0
zabbix.com/plugins/smart/smart.go:177.16,179.3 1 0
zabbix.com/plugins/smart/smart.go:181.2,182.16 2 0
zabbix.com/plugins/smart/smart.go:182.16,184.3 1 0
zabbix.com/plugins/smart/smart.go:186.2,187.16 2 0
zabbix.com/plugins/smart/smart.go:187.16,189.3 1 0
zabbix.com/plugins/smart/smart.go:191.2,191.23 1 0
zabbix.com/plugins/smart/smart.go:194.61,196.16 2 0
zabbix.com/plugins/smart/smart.go:196.16,198.3 1 0
zabbix.com/plugins/smart/smart.go:200.2,201.16 2 0
zabbix.com/plugins/smart/smart.go:201.16,203.3 1 0
zabbix.com/plugins/smart/smart.go:205.2,205.19 1 0
zabbix.com/plugins/smart/smart.go:205.19,207.17 2 0
zabbix.com/plugins/smart/smart.go:207.17,209.4 1 0
zabbix.com/plugins/smart/smart.go:211.3,211.9 1 0
zabbix.com/plugins/smart/smart.go:214.2,215.16 2 0
zabbix.com/plugins/smart/smart.go:215.16,217.3 1 0
zabbix.com/plugins/smart/smart.go:219.2,219.8 1 0
zabbix.com/plugins/smart/smart.go:222.69,226.16 3 0
zabbix.com/plugins/smart/smart.go:226.16,228.3 1 0
zabbix.com/plugins/smart/smart.go:230.2,230.32 1 0
zabbix.com/plugins/smart/smart.go:230.32,232.50 2 0
zabbix.com/plugins/smart/smart.go:232.50,241.4 1 0
zabbix.com/plugins/smart/smart.go:244.2,245.16 2 0
zabbix.com/plugins/smart/smart.go:245.16,247.3 1 0
zabbix.com/plugins/smart/smart.go:249.2,249.8 1 0
zabbix.com/plugins/smart/smart.go:254.78,256.50 2 1
zabbix.com/plugins/smart/smart.go:256.50,258.3 1 0
zabbix.com/plugins/smart/smart.go:260.2,261.48 2 1
zabbix.com/plugins/smart/smart.go:261.48,263.3 1 0
zabbix.com/plugins/smart/smart.go:265.2,275.43 9 1
zabbix.com/plugins/smart/smart.go:275.43,277.3 1 0
zabbix.com/plugins/smart/smart.go:279.2,282.26 3 1
zabbix.com/plugins/smart/smart.go:282.26,288.3 5 1
zabbix.com/plugins/smart/smart.go:288.8,294.3 5 1
zabbix.com/plugins/smart/smart.go:296.2,296.45 1 1
zabbix.com/plugins/smart/smart.go:296.45,297.32 1 1
zabbix.com/plugins/smart/smart.go:297.32,298.12 1 1
zabbix.com/plugins/smart/smart.go:301.3,301.80 1 1
zabbix.com/plugins/smart/smart.go:304.2,304.8 1 1
zabbix.com/plugins/smart/smart.go:308.41,309.45 1 1
zabbix.com/plugins/smart/smart.go:309.45,311.3 1 1
zabbix.com/plugins/smart/smart.go:313.2,313.12 1 1
zabbix.com/plugins/smart/smart.go:319.86,320.32 1 1
zabbix.com/plugins/smart/smart.go:320.32,322.63 2 1
zabbix.com/plugins/smart/smart.go:322.63,324.4 1 1
zabbix.com/plugins/smart/smart.go:326.3,329.23 3 1
zabbix.com/plugins/smart/smart.go:332.2,332.8 1 1
zabbix.com/plugins/smart/smart.go:335.59,336.44 1 1
zabbix.com/plugins/smart/smart.go:336.44,337.27 1 1
zabbix.com/plugins/smart/smart.go:338.12,339.14 1 1
zabbix.com/plugins/smart/smart.go:340.16,341.19 1 1
zabbix.com/plugins/smart/smart.go:345.2,345.8 1 1
zabbix.com/plugins/smart/smart.go:348.62,349.40 1 1
zabbix.com/plugins/smart/smart.go:349.40,351.9 2 1
zabbix.com/plugins/smart/smart.go:351.9,352.37 1 1
zabbix.com/plugins/smart/smart.go:352.37,354.11 2 1
zabbix.com/plugins/smart/smart.go:354.11,356.6 1 1
zabbix.com/plugins/smart/smart.go:361.2,361.8 1 1
zabbix.com/plugins/smart/smart.go:364.65,366.9 2 1
zabbix.com/plugins/smart/smart.go:366.9,368.3 1 1
zabbix.com/plugins/smart/smart.go:370.2,371.9 2 1
zabbix.com/plugins/smart/smart.go:371.9,373.3 1 1
zabbix.com/plugins/smart/smart.go:375.2,376.9 2 1
zabbix.com/plugins/smart/smart.go:376.9,378.3 1 0
zabbix.com/plugins/smart/smart.go:380.2,381.9 2 1
zabbix.com/plugins/smart/smart.go:381.9,383.3 1 0
zabbix.com/plugins/smart/smart.go:385.2,386.16 2 1
zabbix.com/plugins/smart/smart.go:386.16,388.3 1 0
zabbix.com/plugins/smart/smart.go:390.2,391.16 2 1
zabbix.com/plugins/smart/smart.go:391.16,393.3 1 0
zabbix.com/plugins/smart/smart.go:395.2,395.8 1 1
zabbix.com/plugins/smart/smart.go:398.72,399.28 1 1
zabbix.com/plugins/smart/smart.go:399.28,401.3 1 1
zabbix.com/plugins/smart/smart.go:403.2,403.43 1 1
zabbix.com/plugins/smart/smart.go:406.50,407.49 1 1
zabbix.com/plugins/smart/smart.go:407.49,408.40 1 1
zabbix.com/plugins/smart/smart.go:408.40,409.12 1 1
zabbix.com/plugins/smart/smart.go:412.3,412.35 1 1
zabbix.com/plugins/smart/smart.go:415.2,415.31 1 1
zabbix.com/plugins/smart/smart.go:418.63,419.17 1 1
zabbix.com/plugins/smart/smart.go:420.16,421.18 1 1
zabbix.com/plugins/smart/smart.go:422.19,423.21 1 1
zabbix.com/plugins/smart/smart.go:424.10,425.44 1 1
zabbix.com/plugins/smart/smart.go:429.60,430.14 1 1
zabbix.com/plugins/smart/smart.go:430.14,432.3 1 1
zabbix.com/plugins/smart/smart.go:434.2,434.27 1 1
zabbix.com/plugins/smart/smart.go:434.27,435.35 1 1
zabbix.com/plugins/smart/smart.go:435.35,437.4 1 1
zabbix.com/plugins/smart/smart.go:440.2,440.16 1 1
zabbix.com/plugins/smart/smart.go:443.36,444.34 1 0
zabbix.com/plugins/smart/smart.go:444.34,446.3 1 0
zabbix.com/plugins/smart/smart.go:448.2,448.12 1 0
zabbix.com/plugins/smart/smart.go:451.13,457.2 1 1
zabbix.com/plugins/smart/smartfs.go:229.60,231.16 2 0
zabbix.com/plugins/smart/smartfs.go:231.16,233.3 1 0
zabbix.com/plugins/smart/smartfs.go:235.2,244.16 2 0
zabbix.com/plugins/smart/smartfs.go:244.16,246.3 1 0
zabbix.com/plugins/smart/smartfs.go:246.8,248.3 1 0
zabbix.com/plugins/smart/smartfs.go:250.2,251.16 2 0
zabbix.com/plugins/smart/smartfs.go:251.16,253.3 1 0
zabbix.com/plugins/smart/smartfs.go:255.2,259.15 4 0
zabbix.com/plugins/smart/smartfs.go:263.61,265.16 2 0
zabbix.com/plugins/smart/smartfs.go:265.16,267.3 1 0
zabbix.com/plugins/smart/smartfs.go:269.2,269.17 1 0
zabbix.com/plugins/smart/smartfs.go:273.76,276.31 2 1
zabbix.com/plugins/smart/smartfs.go:276.31,278.3 1 1
zabbix.com/plugins/smart/smartfs.go:280.2,282.29 2 1
zabbix.com/plugins/smart/smartfs.go:286.68,293.29 4 1
zabbix.com/plugins/smart/smartfs.go:293.29,294.35 1 1
zabbix.com/plugins/smart/smartfs.go:294.35,296.4 1 1
zabbix.com/plugins/smart/smartfs.go:299.2,301.36 2 1
zabbix.com/plugins/smart/smartfs.go:305.76,309.31 3 1
zabbix.com/plugins/smart/smartfs.go:309.31,311.3 1 1
zabbix.com/plugins/smart/smartfs.go:313.2,315.40 2 1
zabbix.com/plugins/smart/smartfs.go:320.53,323.32 2 1
zabbix.com/plugins/smart/smartfs.go:323.32,325.3 1 1
zabbix.com/plugins/smart/smartfs.go:330.52,333.32 2 1
zabbix.com/plugins/smart/smartfs.go:333.32,335.3 1 1
zabbix.com/plugins/smart/smartfs.go:340.56,343.32 2 1
zabbix.com/plugins/smart/smartfs.go:343.32,345.3 1 1
zabbix.com/plugins/smart/smartfs.go:350.43,351.12 1 1
zabbix.com/plugins/smart/smartfs.go:351.12,355.3 2 1
zabbix.com/plugins/smart/smartfs.go:357.2,357.9 1 1
zabbix.com/plugins/smart/smartfs.go:358.16,359.13 1 1
zabbix.com/plugins/smart/smartfs.go:360.22,361.13 1 0
zabbix.com/plugins/smart/smartfs.go:366.59,367.12 1 1
zabbix.com/plugins/smart/smartfs.go:367.12,371.3 2 1
zabbix.com/plugins/smart/smartfs.go:373.2,373.8 1 1
zabbix.com/plugins/smart/smartfs.go:379.39,380.27 1 1
zabbix.com/plugins/smart/smartfs.go:380.27,382.3 1 1
zabbix.com/plugins/smart/smartfs.go:384.2,385.16 2 1
zabbix.com/plugins/smart/smartfs.go:385.16,387.3 1 1
zabbix.com/plugins/smart/smartfs.go:389.2,392.16 3 1
zabbix.com/plugins/smart/smartfs.go:392.16,394.3 1 1
zabbix.com/plugins/smart/smartfs.go:396.2,396.51 1 1
zabbix.com/plugins/smart/smartfs.go:401.32,406.52 3 1
zabbix.com/plugins/smart/smartfs.go:406.52,410.3 2 1
zabbix.com/plugins/smart/smartfs.go:412.2,412.14 1 1
zabbix.com/plugins/smart/smartfs.go:416.49,417.28 1 1
zabbix.com/plugins/smart/smartfs.go:417.28,419.3 1 1
zabbix.com/plugins/smart/smartfs.go:421.2,422.29 2 1
zabbix.com/plugins/smart/smartfs.go:422.29,424.3 1 1
zabbix.com/plugins/smart/smartfs.go:424.8,426.3 1 1
zabbix.com/plugins/smart/smartfs.go:428.2,429.16 2 1
zabbix.com/plugins/smart/smartfs.go:429.16,431.3 1 0
zabbix.com/plugins/smart/smartfs.go:433.2,433.27 1 1
zabbix.com/plugins/smart/smartfs.go:433.27,438.3 1 1
zabbix.com/plugins/smart/smartfs.go:440.2,440.12 1 1
zabbix.com/plugins/smart/smartfs.go:444.34,446.2 1 1
zabbix.com/plugins/smart/smartfs.go:452.51,455.28 2 1
zabbix.com/plugins/smart/smartfs.go:455.28,457.17 2 1
zabbix.com/plugins/smart/smartfs.go:457.17,460.4 2 0
zabbix.com/plugins/smart/smartfs.go:462.3,464.53 2 1
zabbix.com/plugins/smart/smartfs.go:464.53,467.4 2 0
zabbix.com/plugins/smart/smartfs.go:469.3,469.28 1 1
zabbix.com/plugins/smart/smartfs.go:469.28,472.4 2 0
zabbix.com/plugins/smart/smartfs.go:474.3,478.17 3 1
zabbix.com/plugins/smart/smartfs.go:478.17,480.4 1 1
zabbix.com/plugins/smart/smartfs.go:480.9,482.4 1 1
zabbix.com/plugins/smart/smartfs.go:484.3,484.17 1 1
zabbix.com/plugins/smart/smartfs.go:493.50,497.6 2 1
zabbix.com/plugins/smart/smartfs.go:497.6,499.10 2 1
zabbix.com/plugins/smart/smartfs.go:499.10,501.4 1 1
zabbix.com/plugins/smart/smartfs.go:503.3,505.28 2 1
zabbix.com/plugins/smart/smartfs.go:505.28,507.4 1 1
zabbix.com/plugins/smart/smartfs.go:509.3,509.7 1 1
zabbix.com/plugins/smart/smartfs.go:509.7,516.29 2 1
zabbix.com/plugins/smart/smartfs.go:516.29,522.5 1 1
zabbix.com/plugins/smart/smartfs.go:524.4,525.18 2 1
zabbix.com/plugins/smart/smartfs.go:525.18,531.20 2 0
zabbix.com/plugins/smart/smartfs.go:534.4,535.53 2 1
zabbix.com/plugins/smart/smartfs.go:535.53,541.20 2 0
zabbix.com/plugins/smart/smartfs.go:544.4,545.18 2 1
zabbix.com/plugins/smart/smartfs.go:545.18,551.20 2 1
zabbix.com/plugins/smart/smartfs.go:554.4,554.29 1 1
zabbix.com/plugins/smart/smartfs.go:554.29,557.30 2 1
zabbix.com/plugins/smart/smartfs.go:557.30,560.6 2 1
zabbix.com/plugins/smart/smartfs.go:560.11,563.6 2 0
zabbix.com/plugins/smart/smartfs.go:565.5,565.61 1 1
zabbix.com/plugins/smart/smartfs.go:565.61,566.21 1 1
zabbix.com/plugins/smart/smartfs.go:570.4,570.29 1 0
zabbix.com/plugins/smart/smartfs.go:570.29,571.20 1 0
zabbix.com/plugins/smart/smartfs.go:574.4,574.7 1 0
zabbix.com/plugins/smart/smartfs.go:584.54,587.6 2 1
zabbix.com/plugins/smart/smartfs.go:587.6,589.10 2 1
zabbix.com/plugins/smart/smartfs.go:589.10,591.4 1 1
zabbix.com/plugins/smart/smartfs.go:593.3,596.17 2 1
zabbix.com/plugins/smart/smartfs.go:596.17,601.12 2 0
zabbix.com/plugins/smart/smartfs.go:604.3,605.52 2 1
zabbix.com/plugins/smart/smartfs.go:605.52,608.12 2 0
zabbix.com/plugins/smart/smartfs.go:611.3,612.17 2 1
zabbix.com/plugins/smart/smartfs.go:612.17,618.12 2 0
zabbix.com/plugins/smart/smartfs.go:621.3,621.28 1 1
zabbix.com/plugins/smart/smartfs.go:621.28,622.12 1 0
zabbix.com/plugins/smart/smartfs.go:625.3,629.55 4 1
zabbix.com/plugins/smart/smartfs.go:641.8,645.10 3 1
zabbix.com/plugins/smart/smartfs.go:645.10,650.3 1 1
zabbix.com/plugins/smart/smartfs.go:650.8,652.3 1 1
zabbix.com/plugins/smart/smartfs.go:654.2,654.25 1 1
zabbix.com/plugins/smart/smartfs.go:654.25,656.3 1 1
zabbix.com/plugins/smart/smartfs.go:658.2,658.14 1 1
zabbix.com/plugins/smart/smartfs.go:661.47,665.16 3 0
zabbix.com/plugins/smart/smartfs.go:665.16,668.32 2 0
zabbix.com/plugins/smart/smartfs.go:668.32,670.4 1 0
zabbix.com/plugins/smart/smartfs.go:672.3,674.26 2 0
zabbix.com/plugins/smart/smartfs.go:674.26,676.32 2 0
zabbix.com/plugins/smart/smartfs.go:676.32,679.5 2 0
zabbix.com/plugins/smart/smartfs.go:682.3,682.22 1 0
zabbix.com/plugins/smart/smartfs.go:683.8,686.28 2 0
zabbix.com/plugins/smart/smartfs.go:686.28,688.4 1 0
zabbix.com/plugins/smart/smartfs.go:690.3,692.26 2 0
zabbix.com/plugins/smart/smartfs.go:692.26,694.32 2 0
zabbix.com/plugins/smart/smartfs.go:694.32,697.5 2 0
zabbix.com/plugins/smart/smartfs.go:700.3,700.18 1 0
zabbix.com/plugins/smart/smartfs.go:704.48,705.56 1 1
zabbix.com/plugins/smart/smartfs.go:705.56,707.3 1 1
zabbix.com/plugins/smart/smartfs.go:709.2,709.41 1 1
zabbix.com/plugins/smart/smartfs.go:709.41,710.17 1 1
zabbix.com/plugins/smart/smartfs.go:710.17,713.12 2 1
zabbix.com/plugins/smart/smartfs.go:716.3,716.49 1 1
zabbix.com/plugins/smart/smartfs.go:719.2,719.16 1 1
zabbix.com/plugins/smart/smartfs.go:719.16,721.3 1 1
zabbix.com/plugins/smart/smartfs.go:723.2,723.8 1 1
zabbix.com/plugins/smart/smartfs.go:729.79,731.16 2 1
zabbix.com/plugins/smart/smartfs.go:731.16,733.3 1 1
zabbix.com/plugins/smart/smartfs.go:735.2,736.16 2 1
zabbix.com/plugins/smart/smartfs.go:736.16,741.3 1 1
zabbix.com/plugins/smart/smartfs.go:743.2,745.8 2 1
zabbix.com/plugins/smart/smartfs.go:752.49,754.28 1 1
zabbix.com/plugins/smart/smartfs.go:754.28,755.26 1 1
zabbix.com/plugins/smart/smartfs.go:755.26,756.26 1 1
zabbix.com/plugins/smart/smartfs.go:756.26,757.18 1 1
zabbix.com/plugins/smart/smartfs.go:761.3,761.35 1 1
zabbix.com/plugins/smart/smartfs.go:764.2,764.25 1 1
zabbix.com/plugins/smart/smartfs.go:764.25,765.46 1 1
zabbix.com/plugins/smart/smartfs.go:765.46,768.12 2 1
zabbix.com/plugins/smart/smartfs.go:771.3,771.31 1 1
zabbix.com/plugins/smart/smartfs.go:774.2,774.8 1 1
zabbix.com/plugins/smart/smartfs.go:781.68,783.16 2 1
zabbix.com/plugins/smart/smartfs.go:783.16,785.3 1 1
zabbix.com/plugins/smart/smartfs.go:787.2,790.16 3 1
zabbix.com/plugins/smart/smartfs.go:790.16,792.3 1 1
zabbix.com/plugins/smart/smartfs.go:794.2,796.23 1 1
zabbix.com/plugins/smart/smartfs.go:796.23,798.4 1 1
zabbix.com/plugins/smart/smartfs.go:801.2,801.20 1 1
zabbix.com/plugins/smart/smartfs.go:804.13,806.18 2 1
zabbix.com/plugins/smart/smartfs.go:806.18,808.3 1 0
